[0.110s] DEBUG:colcon:Command line arguments: ['/usr/bin/colcon', 'build', '--symlink-install']
[0.110s] DEBUG:colcon:Parsed command line arguments: Namespace(log_base=None, log_level=None, verb_name='build', build_base='build', install_base='install', merge_install=False, symlink_install=True, test_result_base=None, continue_on_error=False, executor='parallel', parallel_workers=8, event_handlers=None, ignore_user_meta=False, metas=['./colcon.meta'], base_paths=['.'], packages_ignore=None, packages_ignore_regex=None, paths=None, packages_up_to=None, packages_up_to_regex=None, packages_above=None, packages_above_and_dependencies=None, packages_above_depth=None, packages_select_by_dep=None, packages_skip_by_dep=None, packages_skip_up_to=None, packages_select_build_failed=False, packages_skip_build_finished=False, packages_select_test_failures=False, packages_skip_test_passed=False, packages_select=None, packages_skip=None, packages_select_regex=None, packages_skip_regex=None, packages_start=None, packages_end=None, allow_overriding=[], cmake_args=None, cmake_target=None, cmake_target_skip_unavailable=False, cmake_clean_cache=False, cmake_clean_first=False, cmake_force_configure=False, ament_cmake_args=None, catkin_cmake_args=None, catkin_skip_building_tests=False, mixin_files=None, mixin=None, verb_parser=<colcon_mixin.mixin.mixin_argument.MixinArgumentDecorator object at 0x7fc778994220>, verb_extension=<colcon_core.verb.build.BuildVerb object at 0x7fc778af1150>, main=<bound method BuildVerb.main of <colcon_core.verb.build.BuildVerb object at 0x7fc778af1150>>, mixin_verb=('build',))
[0.260s] Level 1:colcon.colcon_core.package_discovery:discover_packages(colcon_meta) check parameters
[0.261s] Level 1:colcon.colcon_core.package_discovery:discover_packages(recursive) check parameters
[0.261s] Level 1:colcon.colcon_core.package_discovery:discover_packages(ignore) check parameters
[0.261s] Level 1:colcon.colcon_core.package_discovery:discover_packages(path) check parameters
[0.261s] Level 1:colcon.colcon_core.package_discovery:discover_packages(colcon_meta) discover
[0.261s] Level 1:colcon.colcon_core.package_discovery:discover_packages(recursive) discover
[0.261s] INFO:colcon.colcon_core.package_discovery:Crawling recursively for packages in '/home/sebastianchu/code/student-orgs/karura/mobility_ws'
[0.261s] Level 1:colcon.colcon_core.package_identification:_identify(.) by extensions ['ignore', 'ignore_ament_install']
[0.261s] Level 1:colcon.colcon_core.package_identification:_identify(.) by extension 'ignore'
[0.261s] Level 1:colcon.colcon_core.package_identification:_identify(.) by extension 'ignore_ament_install'
[0.261s] Level 1:colcon.colcon_core.package_identification:_identify(.) by extensions ['colcon_pkg']
[0.261s] Level 1:colcon.colcon_core.package_identification:_identify(.) by extension 'colcon_pkg'
[0.261s] Level 1:colcon.colcon_core.package_identification:_identify(.) by extensions ['colcon_meta']
[0.261s] Level 1:colcon.colcon_core.package_identification:_identify(.) by extension 'colcon_meta'
[0.261s] Level 1:colcon.colcon_core.package_identification:_identify(.) by extensions ['ros']
[0.261s] Level 1:colcon.colcon_core.package_identification:_identify(.) by extension 'ros'
[0.279s] Level 1:colcon.colcon_core.package_identification:_identify(.) by extensions ['cmake', 'python']
[0.279s] Level 1:colcon.colcon_core.package_identification:_identify(.) by extension 'cmake'
[0.279s] Level 1:colcon.colcon_core.package_identification:_identify(.) by extension 'python'
[0.279s] Level 1:colcon.colcon_core.package_identification:_identify(.) by extensions ['python_setup_py']
[0.279s] Level 1:colcon.colcon_core.package_identification:_identify(.) by extension 'python_setup_py'
[0.279s] Level 1:colcon.colcon_core.package_identification:_identify(build) by extensions ['ignore', 'ignore_ament_install']
[0.279s] Level 1:colcon.colcon_core.package_identification:_identify(build) by extension 'ignore'
[0.279s] Level 1:colcon.colcon_core.package_identification:_identify(build) ignored
[0.279s] Level 1:colcon.colcon_core.package_identification:_identify(install) by extensions ['ignore', 'ignore_ament_install']
[0.279s] Level 1:colcon.colcon_core.package_identification:_identify(install) by extension 'ignore'
[0.279s] Level 1:colcon.colcon_core.package_identification:_identify(install) ignored
[0.280s] Level 1:colcon.colcon_core.package_identification:_identify(log) by extensions ['ignore', 'ignore_ament_install']
[0.280s] Level 1:colcon.colcon_core.package_identification:_identify(log) by extension 'ignore'
[0.280s] Level 1:colcon.colcon_core.package_identification:_identify(log) ignored
[0.280s] Level 1:colcon.colcon_core.package_identification:_identify(src) by extensions ['ignore', 'ignore_ament_install']
[0.280s] Level 1:colcon.colcon_core.package_identification:_identify(src) by extension 'ignore'
[0.280s] Level 1:colcon.colcon_core.package_identification:_identify(src) by extension 'ignore_ament_install'
[0.280s] Level 1:colcon.colcon_core.package_identification:_identify(src) by extensions ['colcon_pkg']
[0.280s] Level 1:colcon.colcon_core.package_identification:_identify(src) by extension 'colcon_pkg'
[0.280s] Level 1:colcon.colcon_core.package_identification:_identify(src) by extensions ['colcon_meta']
[0.280s] Level 1:colcon.colcon_core.package_identification:_identify(src) by extension 'colcon_meta'
[0.280s] Level 1:colcon.colcon_core.package_identification:_identify(src) by extensions ['ros']
[0.280s] Level 1:colcon.colcon_core.package_identification:_identify(src) by extension 'ros'
[0.280s] Level 1:colcon.colcon_core.package_identification:_identify(src) by extensions ['cmake', 'python']
[0.280s] Level 1:colcon.colcon_core.package_identification:_identify(src) by extension 'cmake'
[0.280s] Level 1:colcon.colcon_core.package_identification:_identify(src) by extension 'python'
[0.280s] Level 1:colcon.colcon_core.package_identification:_identify(src) by extensions ['python_setup_py']
[0.280s] Level 1:colcon.colcon_core.package_identification:_identify(src) by extension 'python_setup_py'
[0.280s] Level 1:colcon.colcon_core.package_identification:_identify(src/mobility_bringup) by extensions ['ignore', 'ignore_ament_install']
[0.280s] Level 1:colcon.colcon_core.package_identification:_identify(src/mobility_bringup) by extension 'ignore'
[0.280s] Level 1:colcon.colcon_core.package_identification:_identify(src/mobility_bringup) by extension 'ignore_ament_install'
[0.280s] Level 1:colcon.colcon_core.package_identification:_identify(src/mobility_bringup) by extensions ['colcon_pkg']
[0.280s] Level 1:colcon.colcon_core.package_identification:_identify(src/mobility_bringup) by extension 'colcon_pkg'
[0.280s] Level 1:colcon.colcon_core.package_identification:_identify(src/mobility_bringup) by extensions ['colcon_meta']
[0.280s] Level 1:colcon.colcon_core.package_identification:_identify(src/mobility_bringup) by extension 'colcon_meta'
[0.280s] Level 1:colcon.colcon_core.package_identification:_identify(src/mobility_bringup) by extensions ['ros']
[0.281s] Level 1:colcon.colcon_core.package_identification:_identify(src/mobility_bringup) by extension 'ros'
[0.283s] DEBUG:colcon.colcon_core.package_identification:Package 'src/mobility_bringup' with type 'ros.ament_cmake' and name 'mobility_bringup'
[0.283s] Level 1:colcon.colcon_core.package_identification:_identify(src/mobility_control) by extensions ['ignore', 'ignore_ament_install']
[0.283s] Level 1:colcon.colcon_core.package_identification:_identify(src/mobility_control) by extension 'ignore'
[0.283s] Level 1:colcon.colcon_core.package_identification:_identify(src/mobility_control) by extension 'ignore_ament_install'
[0.283s] Level 1:colcon.colcon_core.package_identification:_identify(src/mobility_control) by extensions ['colcon_pkg']
[0.283s] Level 1:colcon.colcon_core.package_identification:_identify(src/mobility_control) by extension 'colcon_pkg'
[0.283s] Level 1:colcon.colcon_core.package_identification:_identify(src/mobility_control) by extensions ['colcon_meta']
[0.283s] Level 1:colcon.colcon_core.package_identification:_identify(src/mobility_control) by extension 'colcon_meta'
[0.283s] Level 1:colcon.colcon_core.package_identification:_identify(src/mobility_control) by extensions ['ros']
[0.283s] Level 1:colcon.colcon_core.package_identification:_identify(src/mobility_control) by extension 'ros'
[0.283s] DEBUG:colcon.colcon_core.package_identification:Package 'src/mobility_control' with type 'ros.ament_python' and name 'mobility_control'
[0.283s] Level 1:colcon.colcon_core.package_identification:_identify(src/mobility_description) by extensions ['ignore', 'ignore_ament_install']
[0.283s] Level 1:colcon.colcon_core.package_identification:_identify(src/mobility_description) by extension 'ignore'
[0.283s] Level 1:colcon.colcon_core.package_identification:_identify(src/mobility_description) by extension 'ignore_ament_install'
[0.284s] Level 1:colcon.colcon_core.package_identification:_identify(src/mobility_description) by extensions ['colcon_pkg']
[0.284s] Level 1:colcon.colcon_core.package_identification:_identify(src/mobility_description) by extension 'colcon_pkg'
[0.284s] Level 1:colcon.colcon_core.package_identification:_identify(src/mobility_description) by extensions ['colcon_meta']
[0.284s] Level 1:colcon.colcon_core.package_identification:_identify(src/mobility_description) by extension 'colcon_meta'
[0.284s] Level 1:colcon.colcon_core.package_identification:_identify(src/mobility_description) by extensions ['ros']
[0.284s] Level 1:colcon.colcon_core.package_identification:_identify(src/mobility_description) by extension 'ros'
[0.284s] DEBUG:colcon.colcon_core.package_identification:Package 'src/mobility_description' with type 'ros.ament_python' and name 'mobility_description'
[0.284s] Level 1:colcon.colcon_core.package_identification:_identify(src/mobility_joystick_control) by extensions ['ignore', 'ignore_ament_install']
[0.284s] Level 1:colcon.colcon_core.package_identification:_identify(src/mobility_joystick_control) by extension 'ignore'
[0.284s] Level 1:colcon.colcon_core.package_identification:_identify(src/mobility_joystick_control) by extension 'ignore_ament_install'
[0.284s] Level 1:colcon.colcon_core.package_identification:_identify(src/mobility_joystick_control) by extensions ['colcon_pkg']
[0.284s] Level 1:colcon.colcon_core.package_identification:_identify(src/mobility_joystick_control) by extension 'colcon_pkg'
[0.285s] Level 1:colcon.colcon_core.package_identification:_identify(src/mobility_joystick_control) by extensions ['colcon_meta']
[0.285s] Level 1:colcon.colcon_core.package_identification:_identify(src/mobility_joystick_control) by extension 'colcon_meta'
[0.285s] Level 1:colcon.colcon_core.package_identification:_identify(src/mobility_joystick_control) by extensions ['ros']
[0.285s] Level 1:colcon.colcon_core.package_identification:_identify(src/mobility_joystick_control) by extension 'ros'
[0.285s] DEBUG:colcon.colcon_core.package_identification:Package 'src/mobility_joystick_control' with type 'ros.ament_python' and name 'mobility_joystick_control'
[0.285s] Level 1:colcon.colcon_core.package_discovery:discover_packages(recursive) using defaults
[0.285s] Level 1:colcon.colcon_core.package_discovery:discover_packages(ignore) discover
[0.285s] Level 1:colcon.colcon_core.package_discovery:discover_packages(ignore) using defaults
[0.285s] Level 1:colcon.colcon_core.package_discovery:discover_packages(path) discover
[0.285s] Level 1:colcon.colcon_core.package_discovery:discover_packages(path) using defaults
[0.303s] Level 1:colcon.colcon_core.package_discovery:discover_packages(prefix_path) check parameters
[0.303s] Level 1:colcon.colcon_core.package_discovery:discover_packages(prefix_path) discover
[0.303s] WARNING:colcon.colcon_ros.prefix_path.ament:The path '/home/sebastianchu/code/student-orgs/karura/mobility_ws/install/mobility_joystick_control' in the environment variable AMENT_PREFIX_PATH doesn't exist
[0.303s] WARNING:colcon.colcon_ros.prefix_path.ament:The path '/home/sebastianchu/code/student-orgs/karura/mobility_ws/install/mobility_description' in the environment variable AMENT_PREFIX_PATH doesn't exist
[0.303s] WARNING:colcon.colcon_ros.prefix_path.ament:The path '/home/sebastianchu/code/student-orgs/karura/mobility_ws/install/mobility_control' in the environment variable AMENT_PREFIX_PATH doesn't exist
[0.303s] WARNING:colcon.colcon_ros.prefix_path.ament:The path '/home/sebastianchu/code/student-orgs/karura/mobility_ws/install/mobility_bringup' in the environment variable AMENT_PREFIX_PATH doesn't exist
[0.304s] WARNING:colcon.colcon_ros.prefix_path.catkin:The path '/home/sebastianchu/code/student-orgs/karura/mobility_ws/install/mobility_bringup' in the environment variable CMAKE_PREFIX_PATH doesn't exist
[0.304s] DEBUG:colcon.colcon_installed_package_information.package_discovery:Found 0 installed packages in /home/sebastianchu/code/student-orgs/karura/mobility_ws/install
[0.305s] DEBUG:colcon.colcon_installed_package_information.package_discovery:Found 6 installed packages in /home/sebastianchu/ros2_ws/install
[0.306s] DEBUG:colcon.colcon_installed_package_information.package_discovery:Found 433 installed packages in /opt/ros/humble
[0.308s] Level 1:colcon.colcon_core.package_discovery:discover_packages(prefix_path) using defaults
[0.362s] Level 5:colcon.colcon_core.verb:set package 'mobility_bringup' build argument 'cmake_args' from command line to 'None'
[0.362s] Level 5:colcon.colcon_core.verb:set package 'mobility_bringup' build argument 'cmake_target' from command line to 'None'
[0.362s] Level 5:colcon.colcon_core.verb:set package 'mobility_bringup' build argument 'cmake_target_skip_unavailable' from command line to 'False'
[0.362s] Level 5:colcon.colcon_core.verb:set package 'mobility_bringup' build argument 'cmake_clean_cache' from command line to 'False'
[0.362s] Level 5:colcon.colcon_core.verb:set package 'mobility_bringup' build argument 'cmake_clean_first' from command line to 'False'
[0.362s] Level 5:colcon.colcon_core.verb:set package 'mobility_bringup' build argument 'cmake_force_configure' from command line to 'False'
[0.362s] Level 5:colcon.colcon_core.verb:set package 'mobility_bringup' build argument 'ament_cmake_args' from command line to 'None'
[0.362s] Level 5:colcon.colcon_core.verb:set package 'mobility_bringup' build argument 'catkin_cmake_args' from command line to 'None'
[0.362s] Level 5:colcon.colcon_core.verb:set package 'mobility_bringup' build argument 'catkin_skip_building_tests' from command line to 'False'
[0.363s] DEBUG:colcon.colcon_core.verb:Building package 'mobility_bringup' with the following arguments: {'ament_cmake_args': None, 'build_base': '/home/sebastianchu/code/student-orgs/karura/mobility_ws/build/mobility_bringup', 'catkin_cmake_args': None, 'catkin_skip_building_tests': False, 'cmake_args': None, 'cmake_clean_cache': False, 'cmake_clean_first': False, 'cmake_force_configure': False, 'cmake_target': None, 'cmake_target_skip_unavailable': False, 'install_base': '/home/sebastianchu/code/student-orgs/karura/mobility_ws/install/mobility_bringup', 'merge_install': False, 'path': '/home/sebastianchu/code/student-orgs/karura/mobility_ws/src/mobility_bringup', 'symlink_install': True, 'test_result_base': None}
[0.363s] Level 5:colcon.colcon_core.verb:set package 'mobility_control' build argument 'cmake_args' from command line to 'None'
[0.363s] Level 5:colcon.colcon_core.verb:set package 'mobility_control' build argument 'cmake_target' from command line to 'None'
[0.363s] Level 5:colcon.colcon_core.verb:set package 'mobility_control' build argument 'cmake_target_skip_unavailable' from command line to 'False'
[0.363s] Level 5:colcon.colcon_core.verb:set package 'mobility_control' build argument 'cmake_clean_cache' from command line to 'False'
[0.363s] Level 5:colcon.colcon_core.verb:set package 'mobility_control' build argument 'cmake_clean_first' from command line to 'False'
[0.363s] Level 5:colcon.colcon_core.verb:set package 'mobility_control' build argument 'cmake_force_configure' from command line to 'False'
[0.363s] Level 5:colcon.colcon_core.verb:set package 'mobility_control' build argument 'ament_cmake_args' from command line to 'None'
[0.363s] Level 5:colcon.colcon_core.verb:set package 'mobility_control' build argument 'catkin_cmake_args' from command line to 'None'
[0.363s] Level 5:colcon.colcon_core.verb:set package 'mobility_control' build argument 'catkin_skip_building_tests' from command line to 'False'
[0.363s] DEBUG:colcon.colcon_core.verb:Building package 'mobility_control' with the following arguments: {'ament_cmake_args': None, 'build_base': '/home/sebastianchu/code/student-orgs/karura/mobility_ws/build/mobility_control', 'catkin_cmake_args': None, 'catkin_skip_building_tests': False, 'cmake_args': None, 'cmake_clean_cache': False, 'cmake_clean_first': False, 'cmake_force_configure': False, 'cmake_target': None, 'cmake_target_skip_unavailable': False, 'install_base': '/home/sebastianchu/code/student-orgs/karura/mobility_ws/install/mobility_control', 'merge_install': False, 'path': '/home/sebastianchu/code/student-orgs/karura/mobility_ws/src/mobility_control', 'symlink_install': True, 'test_result_base': None}
[0.363s] Level 5:colcon.colcon_core.verb:set package 'mobility_description' build argument 'cmake_args' from command line to 'None'
[0.363s] Level 5:colcon.colcon_core.verb:set package 'mobility_description' build argument 'cmake_target' from command line to 'None'
[0.363s] Level 5:colcon.colcon_core.verb:set package 'mobility_description' build argument 'cmake_target_skip_unavailable' from command line to 'False'
[0.363s] Level 5:colcon.colcon_core.verb:set package 'mobility_description' build argument 'cmake_clean_cache' from command line to 'False'
[0.363s] Level 5:colcon.colcon_core.verb:set package 'mobility_description' build argument 'cmake_clean_first' from command line to 'False'
[0.363s] Level 5:colcon.colcon_core.verb:set package 'mobility_description' build argument 'cmake_force_configure' from command line to 'False'
[0.363s] Level 5:colcon.colcon_core.verb:set package 'mobility_description' build argument 'ament_cmake_args' from command line to 'None'
[0.364s] Level 5:colcon.colcon_core.verb:set package 'mobility_description' build argument 'catkin_cmake_args' from command line to 'None'
[0.364s] Level 5:colcon.colcon_core.verb:set package 'mobility_description' build argument 'catkin_skip_building_tests' from command line to 'False'
[0.364s] DEBUG:colcon.colcon_core.verb:Building package 'mobility_description' with the following arguments: {'ament_cmake_args': None, 'build_base': '/home/sebastianchu/code/student-orgs/karura/mobility_ws/build/mobility_description', 'catkin_cmake_args': None, 'catkin_skip_building_tests': False, 'cmake_args': None, 'cmake_clean_cache': False, 'cmake_clean_first': False, 'cmake_force_configure': False, 'cmake_target': None, 'cmake_target_skip_unavailable': False, 'install_base': '/home/sebastianchu/code/student-orgs/karura/mobility_ws/install/mobility_description', 'merge_install': False, 'path': '/home/sebastianchu/code/student-orgs/karura/mobility_ws/src/mobility_description', 'symlink_install': True, 'test_result_base': None}
[0.364s] Level 5:colcon.colcon_core.verb:set package 'mobility_joystick_control' build argument 'cmake_args' from command line to 'None'
[0.364s] Level 5:colcon.colcon_core.verb:set package 'mobility_joystick_control' build argument 'cmake_target' from command line to 'None'
[0.364s] Level 5:colcon.colcon_core.verb:set package 'mobility_joystick_control' build argument 'cmake_target_skip_unavailable' from command line to 'False'
[0.364s] Level 5:colcon.colcon_core.verb:set package 'mobility_joystick_control' build argument 'cmake_clean_cache' from command line to 'False'
[0.364s] Level 5:colcon.colcon_core.verb:set package 'mobility_joystick_control' build argument 'cmake_clean_first' from command line to 'False'
[0.364s] Level 5:colcon.colcon_core.verb:set package 'mobility_joystick_control' build argument 'cmake_force_configure' from command line to 'False'
[0.364s] Level 5:colcon.colcon_core.verb:set package 'mobility_joystick_control' build argument 'ament_cmake_args' from command line to 'None'
[0.364s] Level 5:colcon.colcon_core.verb:set package 'mobility_joystick_control' build argument 'catkin_cmake_args' from command line to 'None'
[0.364s] Level 5:colcon.colcon_core.verb:set package 'mobility_joystick_control' build argument 'catkin_skip_building_tests' from command line to 'False'
[0.364s] DEBUG:colcon.colcon_core.verb:Building package 'mobility_joystick_control' with the following arguments: {'ament_cmake_args': None, 'build_base': '/home/sebastianchu/code/student-orgs/karura/mobility_ws/build/mobility_joystick_control', 'catkin_cmake_args': None, 'catkin_skip_building_tests': False, 'cmake_args': None, 'cmake_clean_cache': False, 'cmake_clean_first': False, 'cmake_force_configure': False, 'cmake_target': None, 'cmake_target_skip_unavailable': False, 'install_base': '/home/sebastianchu/code/student-orgs/karura/mobility_ws/install/mobility_joystick_control', 'merge_install': False, 'path': '/home/sebastianchu/code/student-orgs/karura/mobility_ws/src/mobility_joystick_control', 'symlink_install': True, 'test_result_base': None}
[0.364s] INFO:colcon.colcon_core.executor:Executing jobs using 'parallel' executor
[0.366s] DEBUG:colcon.colcon_parallel_executor.executor.parallel:run_until_complete
[0.366s] INFO:colcon.colcon_ros.task.ament_cmake.build:Building ROS package in '/home/sebastianchu/code/student-orgs/karura/mobility_ws/src/mobility_bringup' with build type 'ament_cmake'
[0.366s] INFO:colcon.colcon_cmake.task.cmake.build:Building CMake package in '/home/sebastianchu/code/student-orgs/karura/mobility_ws/src/mobility_bringup'
[0.368s] INFO:colcon.colcon_core.plugin_system:Skipping extension 'colcon_core.shell.bat': Not used on non-Windows systems
[0.368s] INFO:colcon.colcon_core.shell:Skip shell extension 'powershell' for command environment: Not usable outside of PowerShell
[0.369s] DEBUG:colcon.colcon_core.shell:Skip shell extension 'dsv' for command environment
[0.373s] INFO:colcon.colcon_ros.task.ament_python.build:Building ROS package in '/home/sebastianchu/code/student-orgs/karura/mobility_ws/src/mobility_control' with build type 'ament_python'
[0.373s] Level 1:colcon.colcon_core.shell:create_environment_hook('mobility_control', 'ament_prefix_path')
[0.373s] INFO:colcon.colcon_core.shell:Creating environment hook '/home/sebastianchu/code/student-orgs/karura/mobility_ws/install/mobility_control/share/mobility_control/hook/ament_prefix_path.ps1'
[0.374s] INFO:colcon.colcon_core.shell:Creating environment descriptor '/home/sebastianchu/code/student-orgs/karura/mobility_ws/install/mobility_control/share/mobility_control/hook/ament_prefix_path.dsv'
[0.374s] INFO:colcon.colcon_core.shell:Creating environment hook '/home/sebastianchu/code/student-orgs/karura/mobility_ws/install/mobility_control/share/mobility_control/hook/ament_prefix_path.sh'
[0.375s] INFO:colcon.colcon_core.shell:Skip shell extension 'powershell' for command environment: Not usable outside of PowerShell
[0.375s] DEBUG:colcon.colcon_core.shell:Skip shell extension 'dsv' for command environment
[0.381s] INFO:colcon.colcon_ros.task.ament_python.build:Building ROS package in '/home/sebastianchu/code/student-orgs/karura/mobility_ws/src/mobility_description' with build type 'ament_python'
[0.381s] Level 1:colcon.colcon_core.shell:create_environment_hook('mobility_description', 'ament_prefix_path')
[0.382s] INFO:colcon.colcon_core.shell:Creating environment hook '/home/sebastianchu/code/student-orgs/karura/mobility_ws/install/mobility_description/share/mobility_description/hook/ament_prefix_path.ps1'
[0.383s] INFO:colcon.colcon_core.shell:Creating environment descriptor '/home/sebastianchu/code/student-orgs/karura/mobility_ws/install/mobility_description/share/mobility_description/hook/ament_prefix_path.dsv'
[0.383s] INFO:colcon.colcon_core.shell:Creating environment hook '/home/sebastianchu/code/student-orgs/karura/mobility_ws/install/mobility_description/share/mobility_description/hook/ament_prefix_path.sh'
[0.384s] INFO:colcon.colcon_core.shell:Skip shell extension 'powershell' for command environment: Not usable outside of PowerShell
[0.384s] DEBUG:colcon.colcon_core.shell:Skip shell extension 'dsv' for command environment
[0.389s] INFO:colcon.colcon_ros.task.ament_python.build:Building ROS package in '/home/sebastianchu/code/student-orgs/karura/mobility_ws/src/mobility_joystick_control' with build type 'ament_python'
[0.389s] Level 1:colcon.colcon_core.shell:create_environment_hook('mobility_joystick_control', 'ament_prefix_path')
[0.389s] INFO:colcon.colcon_core.shell:Creating environment hook '/home/sebastianchu/code/student-orgs/karura/mobility_ws/install/mobility_joystick_control/share/mobility_joystick_control/hook/ament_prefix_path.ps1'
[0.390s] INFO:colcon.colcon_core.shell:Creating environment descriptor '/home/sebastianchu/code/student-orgs/karura/mobility_ws/install/mobility_joystick_control/share/mobility_joystick_control/hook/ament_prefix_path.dsv'
[0.390s] INFO:colcon.colcon_core.shell:Creating environment hook '/home/sebastianchu/code/student-orgs/karura/mobility_ws/install/mobility_joystick_control/share/mobility_joystick_control/hook/ament_prefix_path.sh'
[0.391s] INFO:colcon.colcon_core.shell:Skip shell extension 'powershell' for command environment: Not usable outside of PowerShell
[0.391s] DEBUG:colcon.colcon_core.shell:Skip shell extension 'dsv' for command environment
[0.401s] DEBUG:colcon.colcon_core.event_handler.log_command:Invoking command in '/home/sebastianchu/code/student-orgs/karura/mobility_ws/build/mobility_bringup': CMAKE_PREFIX_PATH=${CMAKE_PREFIX_PATH}:/home/sebastianchu/code/student-orgs/karura/mobility_ws/install/mobility_joystick_control:/home/sebastianchu/code/student-orgs/karura/mobility_ws/install/mobility_description:/home/sebastianchu/code/student-orgs/karura/mobility_ws/install/mobility_control:/home/sebastianchu/ros2_ws/install/serial_comm:/home/sebastianchu/ros2_ws/install/send_target_joint_degrees:/home/sebastianchu/ros2_ws/install/karura_arm_description:/opt/ros/humble /usr/bin/cmake /home/sebastianchu/code/student-orgs/karura/mobility_ws/src/mobility_bringup -DAMENT_CMAKE_SYMLINK_INSTALL=1 -DCMAKE_INSTALL_PREFIX=/home/sebastianchu/code/student-orgs/karura/mobility_ws/install/mobility_bringup
[0.715s] INFO:colcon.colcon_core.task.python.build:Building Python package in '/home/sebastianchu/code/student-orgs/karura/mobility_ws/src/mobility_control'
[0.715s] INFO:colcon.colcon_core.shell:Skip shell extension 'powershell' for command environment: Not usable outside of PowerShell
[0.715s] DEBUG:colcon.colcon_core.shell:Skip shell extension 'dsv' for command environment
[1.042s] INFO:colcon.colcon_core.task.python.build:Building Python package in '/home/sebastianchu/code/student-orgs/karura/mobility_ws/src/mobility_description'
[1.043s] INFO:colcon.colcon_core.shell:Skip shell extension 'powershell' for command environment: Not usable outside of PowerShell
[1.043s] DEBUG:colcon.colcon_core.shell:Skip shell extension 'dsv' for command environment
[1.333s] INFO:colcon.colcon_core.task.python.build:Building Python package in '/home/sebastianchu/code/student-orgs/karura/mobility_ws/src/mobility_joystick_control'
[1.333s] INFO:colcon.colcon_core.shell:Skip shell extension 'powershell' for command environment: Not usable outside of PowerShell
[1.334s] DEBUG:colcon.colcon_core.shell:Skip shell extension 'dsv' for command environment
[1.344s] DEBUG:colcon.colcon_core.event_handler.log_command:Invoked command in '/home/sebastianchu/code/student-orgs/karura/mobility_ws/build/mobility_bringup' returned '0': CMAKE_PREFIX_PATH=${CMAKE_PREFIX_PATH}:/home/sebastianchu/code/student-orgs/karura/mobility_ws/install/mobility_joystick_control:/home/sebastianchu/code/student-orgs/karura/mobility_ws/install/mobility_description:/home/sebastianchu/code/student-orgs/karura/mobility_ws/install/mobility_control:/home/sebastianchu/ros2_ws/install/serial_comm:/home/sebastianchu/ros2_ws/install/send_target_joint_degrees:/home/sebastianchu/ros2_ws/install/karura_arm_description:/opt/ros/humble /usr/bin/cmake /home/sebastianchu/code/student-orgs/karura/mobility_ws/src/mobility_bringup -DAMENT_CMAKE_SYMLINK_INSTALL=1 -DCMAKE_INSTALL_PREFIX=/home/sebastianchu/code/student-orgs/karura/mobility_ws/install/mobility_bringup
[1.345s] DEBUG:colcon.colcon_core.event_handler.log_command:Invoking command in '/home/sebastianchu/code/student-orgs/karura/mobility_ws/build/mobility_bringup': CMAKE_PREFIX_PATH=${CMAKE_PREFIX_PATH}:/home/sebastianchu/code/student-orgs/karura/mobility_ws/install/mobility_joystick_control:/home/sebastianchu/code/student-orgs/karura/mobility_ws/install/mobility_description:/home/sebastianchu/code/student-orgs/karura/mobility_ws/install/mobility_control:/home/sebastianchu/ros2_ws/install/serial_comm:/home/sebastianchu/ros2_ws/install/send_target_joint_degrees:/home/sebastianchu/ros2_ws/install/karura_arm_description:/opt/ros/humble /usr/bin/cmake --build /home/sebastianchu/code/student-orgs/karura/mobility_ws/build/mobility_bringup -- -j8 -l8
[1.385s] DEBUG:colcon.colcon_core.event_handler.log_command:Invoked command in '/home/sebastianchu/code/student-orgs/karura/mobility_ws/build/mobility_bringup' returned '0': CMAKE_PREFIX_PATH=${CMAKE_PREFIX_PATH}:/home/sebastianchu/code/student-orgs/karura/mobility_ws/install/mobility_joystick_control:/home/sebastianchu/code/student-orgs/karura/mobility_ws/install/mobility_description:/home/sebastianchu/code/student-orgs/karura/mobility_ws/install/mobility_control:/home/sebastianchu/ros2_ws/install/serial_comm:/home/sebastianchu/ros2_ws/install/send_target_joint_degrees:/home/sebastianchu/ros2_ws/install/karura_arm_description:/opt/ros/humble /usr/bin/cmake --build /home/sebastianchu/code/student-orgs/karura/mobility_ws/build/mobility_bringup -- -j8 -l8
[1.396s] DEBUG:colcon.colcon_core.event_handler.log_command:Invoking command in '/home/sebastianchu/code/student-orgs/karura/mobility_ws/build/mobility_bringup': CMAKE_PREFIX_PATH=${CMAKE_PREFIX_PATH}:/home/sebastianchu/code/student-orgs/karura/mobility_ws/install/mobility_joystick_control:/home/sebastianchu/code/student-orgs/karura/mobility_ws/install/mobility_description:/home/sebastianchu/code/student-orgs/karura/mobility_ws/install/mobility_control:/home/sebastianchu/ros2_ws/install/serial_comm:/home/sebastianchu/ros2_ws/install/send_target_joint_degrees:/home/sebastianchu/ros2_ws/install/karura_arm_description:/opt/ros/humble /usr/bin/cmake --install /home/sebastianchu/code/student-orgs/karura/mobility_ws/build/mobility_bringup
[1.556s] Level 1:colcon.colcon_core.environment:create_environment_scripts_only(mobility_bringup)
[1.557s] DEBUG:colcon.colcon_core.event_handler.log_command:Invoked command in '/home/sebastianchu/code/student-orgs/karura/mobility_ws/build/mobility_bringup' returned '0': CMAKE_PREFIX_PATH=${CMAKE_PREFIX_PATH}:/home/sebastianchu/code/student-orgs/karura/mobility_ws/install/mobility_joystick_control:/home/sebastianchu/code/student-orgs/karura/mobility_ws/install/mobility_description:/home/sebastianchu/code/student-orgs/karura/mobility_ws/install/mobility_control:/home/sebastianchu/ros2_ws/install/serial_comm:/home/sebastianchu/ros2_ws/install/send_target_joint_degrees:/home/sebastianchu/ros2_ws/install/karura_arm_description:/opt/ros/humble /usr/bin/cmake --install /home/sebastianchu/code/student-orgs/karura/mobility_ws/build/mobility_bringup
[1.559s] Level 1:colcon.colcon_core.environment:checking '/home/sebastianchu/code/student-orgs/karura/mobility_ws/install/mobility_bringup' for CMake module files
[1.560s] Level 1:colcon.colcon_core.environment:checking '/home/sebastianchu/code/student-orgs/karura/mobility_ws/install/mobility_bringup' for CMake config files
[1.560s] Level 1:colcon.colcon_core.shell:create_environment_hook('mobility_bringup', 'cmake_prefix_path')
[1.561s] INFO:colcon.colcon_core.shell:Creating environment hook '/home/sebastianchu/code/student-orgs/karura/mobility_ws/install/mobility_bringup/share/mobility_bringup/hook/cmake_prefix_path.ps1'
[1.561s] INFO:colcon.colcon_core.shell:Creating environment descriptor '/home/sebastianchu/code/student-orgs/karura/mobility_ws/install/mobility_bringup/share/mobility_bringup/hook/cmake_prefix_path.dsv'
[1.562s] INFO:colcon.colcon_core.shell:Creating environment hook '/home/sebastianchu/code/student-orgs/karura/mobility_ws/install/mobility_bringup/share/mobility_bringup/hook/cmake_prefix_path.sh'
[1.562s] Level 1:colcon.colcon_core.environment:checking '/home/sebastianchu/code/student-orgs/karura/mobility_ws/install/mobility_bringup/bin'
[1.562s] Level 1:colcon.colcon_core.environment:checking '/home/sebastianchu/code/student-orgs/karura/mobility_ws/install/mobility_bringup/lib/pkgconfig/mobility_bringup.pc'
[1.563s] Level 1:colcon.colcon_core.environment:checking '/home/sebastianchu/code/student-orgs/karura/mobility_ws/install/mobility_bringup/lib/python3.10/site-packages'
[1.563s] Level 1:colcon.colcon_core.environment:checking '/home/sebastianchu/code/student-orgs/karura/mobility_ws/install/mobility_bringup/bin'
[1.563s] INFO:colcon.colcon_core.shell:Creating package script '/home/sebastianchu/code/student-orgs/karura/mobility_ws/install/mobility_bringup/share/mobility_bringup/package.ps1'
[1.564s] INFO:colcon.colcon_core.shell:Creating package descriptor '/home/sebastianchu/code/student-orgs/karura/mobility_ws/install/mobility_bringup/share/mobility_bringup/package.dsv'
[1.565s] INFO:colcon.colcon_core.shell:Creating package script '/home/sebastianchu/code/student-orgs/karura/mobility_ws/install/mobility_bringup/share/mobility_bringup/package.sh'
[1.566s] INFO:colcon.colcon_core.shell:Creating package script '/home/sebastianchu/code/student-orgs/karura/mobility_ws/install/mobility_bringup/share/mobility_bringup/package.bash'
[1.566s] INFO:colcon.colcon_core.shell:Creating package script '/home/sebastianchu/code/student-orgs/karura/mobility_ws/install/mobility_bringup/share/mobility_bringup/package.zsh'
[1.567s] Level 1:colcon.colcon_core.environment:create_file_with_runtime_dependencies(/home/sebastianchu/code/student-orgs/karura/mobility_ws/install/mobility_bringup/share/colcon-core/packages/mobility_bringup)
[1.568s] Level 1:colcon.colcon_core.environment:create_environment_scripts_only(mobility_bringup)
[1.568s] Level 1:colcon.colcon_core.environment:checking '/home/sebastianchu/code/student-orgs/karura/mobility_ws/install/mobility_bringup' for CMake module files
[1.569s] Level 1:colcon.colcon_core.environment:checking '/home/sebastianchu/code/student-orgs/karura/mobility_ws/install/mobility_bringup' for CMake config files
[1.570s] Level 1:colcon.colcon_core.shell:create_environment_hook('mobility_bringup', 'cmake_prefix_path')
[1.570s] INFO:colcon.colcon_core.shell:Creating environment hook '/home/sebastianchu/code/student-orgs/karura/mobility_ws/install/mobility_bringup/share/mobility_bringup/hook/cmake_prefix_path.ps1'
[1.570s] INFO:colcon.colcon_core.shell:Creating environment descriptor '/home/sebastianchu/code/student-orgs/karura/mobility_ws/install/mobility_bringup/share/mobility_bringup/hook/cmake_prefix_path.dsv'
[1.571s] INFO:colcon.colcon_core.shell:Creating environment hook '/home/sebastianchu/code/student-orgs/karura/mobility_ws/install/mobility_bringup/share/mobility_bringup/hook/cmake_prefix_path.sh'
[1.571s] Level 1:colcon.colcon_core.environment:checking '/home/sebastianchu/code/student-orgs/karura/mobility_ws/install/mobility_bringup/bin'
[1.571s] Level 1:colcon.colcon_core.environment:checking '/home/sebastianchu/code/student-orgs/karura/mobility_ws/install/mobility_bringup/lib/pkgconfig/mobility_bringup.pc'
[1.572s] Level 1:colcon.colcon_core.environment:checking '/home/sebastianchu/code/student-orgs/karura/mobility_ws/install/mobility_bringup/lib/python3.10/site-packages'
[1.572s] Level 1:colcon.colcon_core.environment:checking '/home/sebastianchu/code/student-orgs/karura/mobility_ws/install/mobility_bringup/bin'
[1.572s] INFO:colcon.colcon_core.shell:Creating package script '/home/sebastianchu/code/student-orgs/karura/mobility_ws/install/mobility_bringup/share/mobility_bringup/package.ps1'
[1.573s] INFO:colcon.colcon_core.shell:Creating package descriptor '/home/sebastianchu/code/student-orgs/karura/mobility_ws/install/mobility_bringup/share/mobility_bringup/package.dsv'
[1.574s] INFO:colcon.colcon_core.shell:Creating package script '/home/sebastianchu/code/student-orgs/karura/mobility_ws/install/mobility_bringup/share/mobility_bringup/package.sh'
[1.574s] INFO:colcon.colcon_core.shell:Creating package script '/home/sebastianchu/code/student-orgs/karura/mobility_ws/install/mobility_bringup/share/mobility_bringup/package.bash'
[1.574s] INFO:colcon.colcon_core.shell:Creating package script '/home/sebastianchu/code/student-orgs/karura/mobility_ws/install/mobility_bringup/share/mobility_bringup/package.zsh'
[1.575s] Level 1:colcon.colcon_core.environment:create_file_with_runtime_dependencies(/home/sebastianchu/code/student-orgs/karura/mobility_ws/install/mobility_bringup/share/colcon-core/packages/mobility_bringup)
[1.840s] DEBUG:colcon.colcon_core.event_handler.log_command:Invoking command in '/home/sebastianchu/code/student-orgs/karura/mobility_ws/build/mobility_description': PYTHONPATH=/home/sebastianchu/code/student-orgs/karura/mobility_ws/build/mobility_description/prefix_override:/usr/lib/python3/dist-packages/colcon_core/task/python/colcon_distutils_commands:/home/sebastianchu/code/student-orgs/karura/mobility_ws/install/mobility_description/lib/python3.10/site-packages:${PYTHONPATH} /usr/bin/python3 -W ignore:setup.py install is deprecated -W ignore:easy_install command is deprecated setup.py develop --editable --build-directory /home/sebastianchu/code/student-orgs/karura/mobility_ws/build/mobility_description/build --no-deps symlink_data
[1.852s] DEBUG:colcon.colcon_core.event_handler.log_command:Invoking command in '/home/sebastianchu/code/student-orgs/karura/mobility_ws/build/mobility_control': PYTHONPATH=/home/sebastianchu/code/student-orgs/karura/mobility_ws/build/mobility_control/prefix_override:/usr/lib/python3/dist-packages/colcon_core/task/python/colcon_distutils_commands:/home/sebastianchu/code/student-orgs/karura/mobility_ws/install/mobility_control/lib/python3.10/site-packages:${PYTHONPATH} /usr/bin/python3 -W ignore:setup.py install is deprecated -W ignore:easy_install command is deprecated setup.py develop --editable --build-directory /home/sebastianchu/code/student-orgs/karura/mobility_ws/build/mobility_control/build --no-deps symlink_data
[1.868s] DEBUG:colcon.colcon_core.event_handler.log_command:Invoking command in '/home/sebastianchu/code/student-orgs/karura/mobility_ws/build/mobility_joystick_control': PYTHONPATH=/home/sebastianchu/code/student-orgs/karura/mobility_ws/build/mobility_joystick_control/prefix_override:/usr/lib/python3/dist-packages/colcon_core/task/python/colcon_distutils_commands:/home/sebastianchu/code/student-orgs/karura/mobility_ws/install/mobility_joystick_control/lib/python3.10/site-packages:${PYTHONPATH} /usr/bin/python3 -W ignore:setup.py install is deprecated -W ignore:easy_install command is deprecated setup.py develop --editable --build-directory /home/sebastianchu/code/student-orgs/karura/mobility_ws/build/mobility_joystick_control/build --no-deps symlink_data
[2.454s] Level 1:colcon.colcon_core.shell:create_environment_hook('mobility_description', 'pythonpath_develop')
[2.454s] DEBUG:colcon.colcon_core.event_handler.log_command:Invoked command in '/home/sebastianchu/code/student-orgs/karura/mobility_ws/build/mobility_description' returned '0': PYTHONPATH=/home/sebastianchu/code/student-orgs/karura/mobility_ws/build/mobility_description/prefix_override:/usr/lib/python3/dist-packages/colcon_core/task/python/colcon_distutils_commands:/home/sebastianchu/code/student-orgs/karura/mobility_ws/install/mobility_description/lib/python3.10/site-packages:${PYTHONPATH} /usr/bin/python3 -W ignore:setup.py install is deprecated -W ignore:easy_install command is deprecated setup.py develop --editable --build-directory /home/sebastianchu/code/student-orgs/karura/mobility_ws/build/mobility_description/build --no-deps symlink_data
[2.455s] INFO:colcon.colcon_core.shell:Creating environment hook '/home/sebastianchu/code/student-orgs/karura/mobility_ws/build/mobility_description/share/mobility_description/hook/pythonpath_develop.ps1'
[2.456s] INFO:colcon.colcon_core.shell:Creating environment descriptor '/home/sebastianchu/code/student-orgs/karura/mobility_ws/build/mobility_description/share/mobility_description/hook/pythonpath_develop.dsv'
[2.457s] INFO:colcon.colcon_core.shell:Creating environment hook '/home/sebastianchu/code/student-orgs/karura/mobility_ws/build/mobility_description/share/mobility_description/hook/pythonpath_develop.sh'
[2.458s] Level 1:colcon.colcon_core.environment:checking '/home/sebastianchu/code/student-orgs/karura/mobility_ws/install/mobility_description' for CMake module files
[2.458s] Level 1:colcon.colcon_core.environment:checking '/home/sebastianchu/code/student-orgs/karura/mobility_ws/install/mobility_description' for CMake config files
[2.460s] Level 1:colcon.colcon_core.environment:checking '/home/sebastianchu/code/student-orgs/karura/mobility_ws/install/mobility_description/lib'
[2.461s] Level 1:colcon.colcon_core.environment:checking '/home/sebastianchu/code/student-orgs/karura/mobility_ws/install/mobility_description/bin'
[2.461s] Level 1:colcon.colcon_core.environment:checking '/home/sebastianchu/code/student-orgs/karura/mobility_ws/install/mobility_description/lib/pkgconfig/mobility_description.pc'
[2.461s] Level 1:colcon.colcon_core.environment:checking '/home/sebastianchu/code/student-orgs/karura/mobility_ws/install/mobility_description/lib/python3.10/site-packages'
[2.461s] Level 1:colcon.colcon_core.shell:create_environment_hook('mobility_description', 'pythonpath')
[2.462s] INFO:colcon.colcon_core.shell:Creating environment hook '/home/sebastianchu/code/student-orgs/karura/mobility_ws/install/mobility_description/share/mobility_description/hook/pythonpath.ps1'
[2.463s] INFO:colcon.colcon_core.shell:Creating environment descriptor '/home/sebastianchu/code/student-orgs/karura/mobility_ws/install/mobility_description/share/mobility_description/hook/pythonpath.dsv'
[2.464s] INFO:colcon.colcon_core.shell:Creating environment hook '/home/sebastianchu/code/student-orgs/karura/mobility_ws/install/mobility_description/share/mobility_description/hook/pythonpath.sh'
[2.465s] Level 1:colcon.colcon_core.environment:checking '/home/sebastianchu/code/student-orgs/karura/mobility_ws/install/mobility_description/bin'
[2.465s] Level 1:colcon.colcon_core.environment:create_environment_scripts_only(mobility_description)
[2.465s] INFO:colcon.colcon_core.shell:Creating package script '/home/sebastianchu/code/student-orgs/karura/mobility_ws/install/mobility_description/share/mobility_description/package.ps1'
[2.467s] INFO:colcon.colcon_core.shell:Creating package descriptor '/home/sebastianchu/code/student-orgs/karura/mobility_ws/install/mobility_description/share/mobility_description/package.dsv'
[2.468s] INFO:colcon.colcon_core.shell:Creating package script '/home/sebastianchu/code/student-orgs/karura/mobility_ws/install/mobility_description/share/mobility_description/package.sh'
[2.470s] INFO:colcon.colcon_core.shell:Creating package script '/home/sebastianchu/code/student-orgs/karura/mobility_ws/install/mobility_description/share/mobility_description/package.bash'
[2.470s] INFO:colcon.colcon_core.shell:Creating package script '/home/sebastianchu/code/student-orgs/karura/mobility_ws/install/mobility_description/share/mobility_description/package.zsh'
[2.471s] Level 1:colcon.colcon_core.environment:create_file_with_runtime_dependencies(/home/sebastianchu/code/student-orgs/karura/mobility_ws/install/mobility_description/share/colcon-core/packages/mobility_description)
[2.475s] Level 1:colcon.colcon_core.shell:create_environment_hook('mobility_control', 'pythonpath_develop')
[2.476s] INFO:colcon.colcon_core.shell:Creating environment hook '/home/sebastianchu/code/student-orgs/karura/mobility_ws/build/mobility_control/share/mobility_control/hook/pythonpath_develop.ps1'
[2.476s] DEBUG:colcon.colcon_core.event_handler.log_command:Invoked command in '/home/sebastianchu/code/student-orgs/karura/mobility_ws/build/mobility_control' returned '0': PYTHONPATH=/home/sebastianchu/code/student-orgs/karura/mobility_ws/build/mobility_control/prefix_override:/usr/lib/python3/dist-packages/colcon_core/task/python/colcon_distutils_commands:/home/sebastianchu/code/student-orgs/karura/mobility_ws/install/mobility_control/lib/python3.10/site-packages:${PYTHONPATH} /usr/bin/python3 -W ignore:setup.py install is deprecated -W ignore:easy_install command is deprecated setup.py develop --editable --build-directory /home/sebastianchu/code/student-orgs/karura/mobility_ws/build/mobility_control/build --no-deps symlink_data
[2.477s] INFO:colcon.colcon_core.shell:Creating environment descriptor '/home/sebastianchu/code/student-orgs/karura/mobility_ws/build/mobility_control/share/mobility_control/hook/pythonpath_develop.dsv'
[2.478s] INFO:colcon.colcon_core.shell:Creating environment hook '/home/sebastianchu/code/student-orgs/karura/mobility_ws/build/mobility_control/share/mobility_control/hook/pythonpath_develop.sh'
[2.479s] Level 1:colcon.colcon_core.environment:checking '/home/sebastianchu/code/student-orgs/karura/mobility_ws/install/mobility_control' for CMake module files
[2.479s] Level 1:colcon.colcon_core.environment:checking '/home/sebastianchu/code/student-orgs/karura/mobility_ws/install/mobility_control' for CMake config files
[2.480s] Level 1:colcon.colcon_core.environment:checking '/home/sebastianchu/code/student-orgs/karura/mobility_ws/install/mobility_control/lib'
[2.480s] Level 1:colcon.colcon_core.environment:checking '/home/sebastianchu/code/student-orgs/karura/mobility_ws/install/mobility_control/bin'
[2.480s] Level 1:colcon.colcon_core.environment:checking '/home/sebastianchu/code/student-orgs/karura/mobility_ws/install/mobility_control/lib/pkgconfig/mobility_control.pc'
[2.480s] Level 1:colcon.colcon_core.environment:checking '/home/sebastianchu/code/student-orgs/karura/mobility_ws/install/mobility_control/lib/python3.10/site-packages'
[2.481s] Level 1:colcon.colcon_core.shell:create_environment_hook('mobility_control', 'pythonpath')
[2.481s] INFO:colcon.colcon_core.shell:Creating environment hook '/home/sebastianchu/code/student-orgs/karura/mobility_ws/install/mobility_control/share/mobility_control/hook/pythonpath.ps1'
[2.482s] INFO:colcon.colcon_core.shell:Creating environment descriptor '/home/sebastianchu/code/student-orgs/karura/mobility_ws/install/mobility_control/share/mobility_control/hook/pythonpath.dsv'
[2.482s] INFO:colcon.colcon_core.shell:Creating environment hook '/home/sebastianchu/code/student-orgs/karura/mobility_ws/install/mobility_control/share/mobility_control/hook/pythonpath.sh'
[2.483s] Level 1:colcon.colcon_core.environment:checking '/home/sebastianchu/code/student-orgs/karura/mobility_ws/install/mobility_control/bin'
[2.483s] Level 1:colcon.colcon_core.environment:create_environment_scripts_only(mobility_control)
[2.483s] INFO:colcon.colcon_core.shell:Creating package script '/home/sebastianchu/code/student-orgs/karura/mobility_ws/install/mobility_control/share/mobility_control/package.ps1'
[2.484s] INFO:colcon.colcon_core.shell:Creating package descriptor '/home/sebastianchu/code/student-orgs/karura/mobility_ws/install/mobility_control/share/mobility_control/package.dsv'
[2.485s] INFO:colcon.colcon_core.shell:Creating package script '/home/sebastianchu/code/student-orgs/karura/mobility_ws/install/mobility_control/share/mobility_control/package.sh'
[2.486s] INFO:colcon.colcon_core.shell:Creating package script '/home/sebastianchu/code/student-orgs/karura/mobility_ws/install/mobility_control/share/mobility_control/package.bash'
[2.487s] INFO:colcon.colcon_core.shell:Creating package script '/home/sebastianchu/code/student-orgs/karura/mobility_ws/install/mobility_control/share/mobility_control/package.zsh'
[2.487s] Level 1:colcon.colcon_core.environment:create_file_with_runtime_dependencies(/home/sebastianchu/code/student-orgs/karura/mobility_ws/install/mobility_control/share/colcon-core/packages/mobility_control)
[2.504s] Level 1:colcon.colcon_core.shell:create_environment_hook('mobility_joystick_control', 'pythonpath_develop')
[2.505s] INFO:colcon.colcon_core.shell:Creating environment hook '/home/sebastianchu/code/student-orgs/karura/mobility_ws/build/mobility_joystick_control/share/mobility_joystick_control/hook/pythonpath_develop.ps1'
[2.505s] DEBUG:colcon.colcon_core.event_handler.log_command:Invoked command in '/home/sebastianchu/code/student-orgs/karura/mobility_ws/build/mobility_joystick_control' returned '0': PYTHONPATH=/home/sebastianchu/code/student-orgs/karura/mobility_ws/build/mobility_joystick_control/prefix_override:/usr/lib/python3/dist-packages/colcon_core/task/python/colcon_distutils_commands:/home/sebastianchu/code/student-orgs/karura/mobility_ws/install/mobility_joystick_control/lib/python3.10/site-packages:${PYTHONPATH} /usr/bin/python3 -W ignore:setup.py install is deprecated -W ignore:easy_install command is deprecated setup.py develop --editable --build-directory /home/sebastianchu/code/student-orgs/karura/mobility_ws/build/mobility_joystick_control/build --no-deps symlink_data
[2.506s] INFO:colcon.colcon_core.shell:Creating environment descriptor '/home/sebastianchu/code/student-orgs/karura/mobility_ws/build/mobility_joystick_control/share/mobility_joystick_control/hook/pythonpath_develop.dsv'
[2.507s] INFO:colcon.colcon_core.shell:Creating environment hook '/home/sebastianchu/code/student-orgs/karura/mobility_ws/build/mobility_joystick_control/share/mobility_joystick_control/hook/pythonpath_develop.sh'
[2.507s] Level 1:colcon.colcon_core.environment:checking '/home/sebastianchu/code/student-orgs/karura/mobility_ws/install/mobility_joystick_control' for CMake module files
[2.508s] Level 1:colcon.colcon_core.environment:checking '/home/sebastianchu/code/student-orgs/karura/mobility_ws/install/mobility_joystick_control' for CMake config files
[2.508s] Level 1:colcon.colcon_core.environment:checking '/home/sebastianchu/code/student-orgs/karura/mobility_ws/install/mobility_joystick_control/lib'
[2.508s] Level 1:colcon.colcon_core.environment:checking '/home/sebastianchu/code/student-orgs/karura/mobility_ws/install/mobility_joystick_control/bin'
[2.508s] Level 1:colcon.colcon_core.environment:checking '/home/sebastianchu/code/student-orgs/karura/mobility_ws/install/mobility_joystick_control/lib/pkgconfig/mobility_joystick_control.pc'
[2.508s] Level 1:colcon.colcon_core.environment:checking '/home/sebastianchu/code/student-orgs/karura/mobility_ws/install/mobility_joystick_control/lib/python3.10/site-packages'
[2.508s] Level 1:colcon.colcon_core.shell:create_environment_hook('mobility_joystick_control', 'pythonpath')
[2.509s] INFO:colcon.colcon_core.shell:Creating environment hook '/home/sebastianchu/code/student-orgs/karura/mobility_ws/install/mobility_joystick_control/share/mobility_joystick_control/hook/pythonpath.ps1'
[2.509s] INFO:colcon.colcon_core.shell:Creating environment descriptor '/home/sebastianchu/code/student-orgs/karura/mobility_ws/install/mobility_joystick_control/share/mobility_joystick_control/hook/pythonpath.dsv'
[2.509s] INFO:colcon.colcon_core.shell:Creating environment hook '/home/sebastianchu/code/student-orgs/karura/mobility_ws/install/mobility_joystick_control/share/mobility_joystick_control/hook/pythonpath.sh'
[2.510s] Level 1:colcon.colcon_core.environment:checking '/home/sebastianchu/code/student-orgs/karura/mobility_ws/install/mobility_joystick_control/bin'
[2.510s] Level 1:colcon.colcon_core.environment:create_environment_scripts_only(mobility_joystick_control)
[2.510s] INFO:colcon.colcon_core.shell:Creating package script '/home/sebastianchu/code/student-orgs/karura/mobility_ws/install/mobility_joystick_control/share/mobility_joystick_control/package.ps1'
[2.511s] INFO:colcon.colcon_core.shell:Creating package descriptor '/home/sebastianchu/code/student-orgs/karura/mobility_ws/install/mobility_joystick_control/share/mobility_joystick_control/package.dsv'
[2.511s] INFO:colcon.colcon_core.shell:Creating package script '/home/sebastianchu/code/student-orgs/karura/mobility_ws/install/mobility_joystick_control/share/mobility_joystick_control/package.sh'
[2.512s] INFO:colcon.colcon_core.shell:Creating package script '/home/sebastianchu/code/student-orgs/karura/mobility_ws/install/mobility_joystick_control/share/mobility_joystick_control/package.bash'
[2.512s] INFO:colcon.colcon_core.shell:Creating package script '/home/sebastianchu/code/student-orgs/karura/mobility_ws/install/mobility_joystick_control/share/mobility_joystick_control/package.zsh'
[2.513s] Level 1:colcon.colcon_core.environment:create_file_with_runtime_dependencies(/home/sebastianchu/code/student-orgs/karura/mobility_ws/install/mobility_joystick_control/share/colcon-core/packages/mobility_joystick_control)
[2.513s] DEBUG:colcon.colcon_parallel_executor.executor.parallel:closing loop
[2.514s] DEBUG:colcon.colcon_parallel_executor.executor.parallel:loop closed
[2.514s] DEBUG:colcon.colcon_parallel_executor.executor.parallel:run_until_complete finished with '0'
[2.514s] DEBUG:colcon.colcon_core.event_reactor:joining thread
[2.520s] INFO:colcon.colcon_core.plugin_system:Skipping extension 'colcon_notification.desktop_notification.terminal_notifier': Not used on non-Darwin systems
[2.520s] INFO:colcon.colcon_core.plugin_system:Skipping extension 'colcon_notification.desktop_notification.win32': Not used on non-Windows systems
[2.520s] INFO:colcon.colcon_notification.desktop_notification:Sending desktop notification using 'notify2'
[2.525s] DEBUG:colcon.colcon_core.event_reactor:joined thread
[2.525s] INFO:colcon.colcon_core.shell:Creating prefix script '/home/sebastianchu/code/student-orgs/karura/mobility_ws/install/local_setup.ps1'
[2.526s] INFO:colcon.colcon_core.shell:Creating prefix util module '/home/sebastianchu/code/student-orgs/karura/mobility_ws/install/_local_setup_util_ps1.py'
[2.528s] INFO:colcon.colcon_core.shell:Creating prefix chain script '/home/sebastianchu/code/student-orgs/karura/mobility_ws/install/setup.ps1'
[2.530s] INFO:colcon.colcon_core.shell:Creating prefix script '/home/sebastianchu/code/student-orgs/karura/mobility_ws/install/local_setup.sh'
[2.531s] INFO:colcon.colcon_core.shell:Creating prefix util module '/home/sebastianchu/code/student-orgs/karura/mobility_ws/install/_local_setup_util_sh.py'
[2.532s] INFO:colcon.colcon_core.shell:Creating prefix chain script '/home/sebastianchu/code/student-orgs/karura/mobility_ws/install/setup.sh'
[2.533s] INFO:colcon.colcon_core.shell:Creating prefix script '/home/sebastianchu/code/student-orgs/karura/mobility_ws/install/local_setup.bash'
[2.534s] INFO:colcon.colcon_core.shell:Creating prefix chain script '/home/sebastianchu/code/student-orgs/karura/mobility_ws/install/setup.bash'
[2.536s] INFO:colcon.colcon_core.shell:Creating prefix script '/home/sebastianchu/code/student-orgs/karura/mobility_ws/install/local_setup.zsh'
[2.536s] INFO:colcon.colcon_core.shell:Creating prefix chain script '/home/sebastianchu/code/student-orgs/karura/mobility_ws/install/setup.zsh'
