running develop
running egg_info
creating mobility_control.egg-info
writing mobility_control.egg-info/PKG-INFO
writing dependency_links to mobility_control.egg-info/dependency_links.txt
writing entry points to mobility_control.egg-info/entry_points.txt
writing requirements to mobility_control.egg-info/requires.txt
writing top-level names to mobility_control.egg-info/top_level.txt
writing manifest file 'mobility_control.egg-info/SOURCES.txt'
reading manifest file 'mobility_control.egg-info/SOURCES.txt'
writing manifest file 'mobility_control.egg-info/SOURCES.txt'
running build_ext
Creating /home/sebastianchu/code/student-orgs/karura/mobility_ws/install/mobility_control/lib/python3.10/site-packages/mobility-control.egg-link (link to .)

Installed /home/sebastianchu/code/student-orgs/karura/mobility_ws/build/mobility_control
running symlink_data
creating /home/sebastianchu/code/student-orgs/karura/mobility_ws/install/mobility_control/share/ament_index
creating /home/sebastianchu/code/student-orgs/karura/mobility_ws/install/mobility_control/share/ament_index/resource_index
creating /home/sebastianchu/code/student-orgs/karura/mobility_ws/install/mobility_control/share/ament_index/resource_index/packages
symbolically linking /home/sebastianchu/code/student-orgs/karura/mobility_ws/build/mobility_control/resource/mobility_control -> /home/sebastianchu/code/student-orgs/karura/mobility_ws/install/mobility_control/share/ament_index/resource_index/packages
symbolically linking /home/sebastianchu/code/student-orgs/karura/mobility_ws/build/mobility_control/package.xml -> /home/sebastianchu/code/student-orgs/karura/mobility_ws/install/mobility_control/share/mobility_control
