[1.478s] Invoking command in '/home/sebastianchu/code/student-orgs/karura/mobility_ws/build/mobility_control': PYTHONPATH=/home/sebastianchu/code/student-orgs/karura/mobility_ws/build/mobility_control/prefix_override:/usr/lib/python3/dist-packages/colcon_core/task/python/colcon_distutils_commands:/home/sebastianchu/code/student-orgs/karura/mobility_ws/install/mobility_control/lib/python3.10/site-packages:${PYTHONPATH} /usr/bin/python3 -W ignore:setup.py install is deprecated -W ignore:easy_install command is deprecated setup.py develop --editable --build-directory /home/sebastianchu/code/student-orgs/karura/mobility_ws/build/mobility_control/build --no-deps symlink_data
[1.831s] running develop
[2.058s] running egg_info
[2.058s] creating mobility_control.egg-info
[2.058s] writing mobility_control.egg-info/PKG-INFO
[2.059s] writing dependency_links to mobility_control.egg-info/dependency_links.txt
[2.059s] writing entry points to mobility_control.egg-info/entry_points.txt
[2.059s] writing requirements to mobility_control.egg-info/requires.txt
[2.059s] writing top-level names to mobility_control.egg-info/top_level.txt
[2.060s] writing manifest file 'mobility_control.egg-info/SOURCES.txt'
[2.062s] reading manifest file 'mobility_control.egg-info/SOURCES.txt'
[2.063s] writing manifest file 'mobility_control.egg-info/SOURCES.txt'
[2.065s] running build_ext
[2.065s] Creating /home/sebastianchu/code/student-orgs/karura/mobility_ws/install/mobility_control/lib/python3.10/site-packages/mobility-control.egg-link (link to .)
[2.066s] 
[2.066s] Installed /home/sebastianchu/code/student-orgs/karura/mobility_ws/build/mobility_control
[2.067s] running symlink_data
[2.067s] creating /home/sebastianchu/code/student-orgs/karura/mobility_ws/install/mobility_control/share/ament_index
[2.067s] creating /home/sebastianchu/code/student-orgs/karura/mobility_ws/install/mobility_control/share/ament_index/resource_index
[2.067s] creating /home/sebastianchu/code/student-orgs/karura/mobility_ws/install/mobility_control/share/ament_index/resource_index/packages
[2.067s] symbolically linking /home/sebastianchu/code/student-orgs/karura/mobility_ws/build/mobility_control/resource/mobility_control -> /home/sebastianchu/code/student-orgs/karura/mobility_ws/install/mobility_control/share/ament_index/resource_index/packages
[2.068s] symbolically linking /home/sebastianchu/code/student-orgs/karura/mobility_ws/build/mobility_control/package.xml -> /home/sebastianchu/code/student-orgs/karura/mobility_ws/install/mobility_control/share/mobility_control
[2.103s] Invoked command in '/home/sebastianchu/code/student-orgs/karura/mobility_ws/build/mobility_control' returned '0': PYTHONPATH=/home/sebastianchu/code/student-orgs/karura/mobility_ws/build/mobility_control/prefix_override:/usr/lib/python3/dist-packages/colcon_core/task/python/colcon_distutils_commands:/home/sebastianchu/code/student-orgs/karura/mobility_ws/install/mobility_control/lib/python3.10/site-packages:${PYTHONPATH} /usr/bin/python3 -W ignore:setup.py install is deprecated -W ignore:easy_install command is deprecated setup.py develop --editable --build-directory /home/sebastianchu/code/student-orgs/karura/mobility_ws/build/mobility_control/build --no-deps symlink_data
