[0.034s] Invoking command in '/home/sebastianchu/code/student-orgs/karura/mobility_ws/build/mobility_bringup': CMAKE_PREFIX_PATH=${CMAKE_PREFIX_PATH}:/home/sebastianchu/code/student-orgs/karura/mobility_ws/install/mobility_joystick_control:/home/sebastianchu/code/student-orgs/karura/mobility_ws/install/mobility_description:/home/sebastianchu/code/student-orgs/karura/mobility_ws/install/mobility_control:/home/sebastianchu/ros2_ws/install/serial_comm:/home/sebastianchu/ros2_ws/install/send_target_joint_degrees:/home/sebastianchu/ros2_ws/install/karura_arm_description:/opt/ros/humble /usr/bin/cmake /home/sebastianchu/code/student-orgs/karura/mobility_ws/src/mobility_bringup -DAMENT_CMAKE_SYMLINK_INSTALL=1 -DCMAKE_INSTALL_PREFIX=/home/sebastianchu/code/student-orgs/karura/mobility_ws/install/mobility_bringup
[0.684s] -- The C compiler identification is GNU 11.4.0
[0.685s] -- The CXX compiler identification is GNU 11.4.0
[0.685s] -- Detecting C compiler ABI info
[0.685s] -- Detecting C compiler ABI info - done
[0.685s] -- Check for working C compiler: /usr/bin/cc - skipped
[0.685s] -- Detecting C compile features
[0.685s] -- Detecting C compile features - done
[0.685s] -- Detecting CXX compiler ABI info
[0.685s] -- Detecting CXX compiler ABI info - done
[0.685s] -- Check for working CXX compiler: /usr/bin/c++ - skipped
[0.685s] -- Detecting CXX compile features
[0.685s] -- Detecting CXX compile features - done
[0.685s] -- Found ament_cmake: 1.3.11 (/opt/ros/humble/share/ament_cmake/cmake)
[0.685s] -- Found Python3: /usr/bin/python3 (found version "3.10.12") found components: Interpreter 
[0.686s] -- Override CMake install command with custom implementation using symlinks instead of copying resources
[0.686s] -- Found ament_lint_auto: 0.12.11 (/opt/ros/humble/share/ament_lint_auto/cmake)
[0.786s] -- Added test 'flake8' to check Python code syntax and style conventions
[0.787s] -- Added test 'lint_cmake' to check CMake code style
[0.788s] -- Added test 'pep257' to check Python code against some of the docstring style conventions in PEP 257
[0.789s] -- Added test 'xmllint' to check XML markup files
[0.791s] -- Configuring done
[0.794s] -- Generating done
[0.796s] -- Build files have been written to: /home/sebastianchu/code/student-orgs/karura/mobility_ws/build/mobility_bringup
[0.977s] Invoked command in '/home/sebastianchu/code/student-orgs/karura/mobility_ws/build/mobility_bringup' returned '0': CMAKE_PREFIX_PATH=${CMAKE_PREFIX_PATH}:/home/sebastianchu/code/student-orgs/karura/mobility_ws/install/mobility_joystick_control:/home/sebastianchu/code/student-orgs/karura/mobility_ws/install/mobility_description:/home/sebastianchu/code/student-orgs/karura/mobility_ws/install/mobility_control:/home/sebastianchu/ros2_ws/install/serial_comm:/home/sebastianchu/ros2_ws/install/send_target_joint_degrees:/home/sebastianchu/ros2_ws/install/karura_arm_description:/opt/ros/humble /usr/bin/cmake /home/sebastianchu/code/student-orgs/karura/mobility_ws/src/mobility_bringup -DAMENT_CMAKE_SYMLINK_INSTALL=1 -DCMAKE_INSTALL_PREFIX=/home/sebastianchu/code/student-orgs/karura/mobility_ws/install/mobility_bringup
[0.978s] Invoking command in '/home/sebastianchu/code/student-orgs/karura/mobility_ws/build/mobility_bringup': CMAKE_PREFIX_PATH=${CMAKE_PREFIX_PATH}:/home/sebastianchu/code/student-orgs/karura/mobility_ws/install/mobility_joystick_control:/home/sebastianchu/code/student-orgs/karura/mobility_ws/install/mobility_description:/home/sebastianchu/code/student-orgs/karura/mobility_ws/install/mobility_control:/home/sebastianchu/ros2_ws/install/serial_comm:/home/sebastianchu/ros2_ws/install/send_target_joint_degrees:/home/sebastianchu/ros2_ws/install/karura_arm_description:/opt/ros/humble /usr/bin/cmake --build /home/sebastianchu/code/student-orgs/karura/mobility_ws/build/mobility_bringup -- -j8 -l8
[1.019s] Invoked command in '/home/sebastianchu/code/student-orgs/karura/mobility_ws/build/mobility_bringup' returned '0': CMAKE_PREFIX_PATH=${CMAKE_PREFIX_PATH}:/home/sebastianchu/code/student-orgs/karura/mobility_ws/install/mobility_joystick_control:/home/sebastianchu/code/student-orgs/karura/mobility_ws/install/mobility_description:/home/sebastianchu/code/student-orgs/karura/mobility_ws/install/mobility_control:/home/sebastianchu/ros2_ws/install/serial_comm:/home/sebastianchu/ros2_ws/install/send_target_joint_degrees:/home/sebastianchu/ros2_ws/install/karura_arm_description:/opt/ros/humble /usr/bin/cmake --build /home/sebastianchu/code/student-orgs/karura/mobility_ws/build/mobility_bringup -- -j8 -l8
[1.029s] Invoking command in '/home/sebastianchu/code/student-orgs/karura/mobility_ws/build/mobility_bringup': CMAKE_PREFIX_PATH=${CMAKE_PREFIX_PATH}:/home/sebastianchu/code/student-orgs/karura/mobility_ws/install/mobility_joystick_control:/home/sebastianchu/code/student-orgs/karura/mobility_ws/install/mobility_description:/home/sebastianchu/code/student-orgs/karura/mobility_ws/install/mobility_control:/home/sebastianchu/ros2_ws/install/serial_comm:/home/sebastianchu/ros2_ws/install/send_target_joint_degrees:/home/sebastianchu/ros2_ws/install/karura_arm_description:/opt/ros/humble /usr/bin/cmake --install /home/sebastianchu/code/student-orgs/karura/mobility_ws/build/mobility_bringup
[1.042s] -- Install configuration: ""
[1.043s] -- Execute custom install script
[1.043s] -- Symlinking: /home/sebastianchu/code/student-orgs/karura/mobility_ws/install/mobility_bringup/share/ament_index/resource_index/package_run_dependencies/mobility_bringup
[1.054s] -- Symlinking: /home/sebastianchu/code/student-orgs/karura/mobility_ws/install/mobility_bringup/share/ament_index/resource_index/parent_prefix_path/mobility_bringup
[1.064s] -- Symlinking: /home/sebastianchu/code/student-orgs/karura/mobility_ws/install/mobility_bringup/share/mobility_bringup/environment/ament_prefix_path.sh
[1.074s] -- Symlinking: /home/sebastianchu/code/student-orgs/karura/mobility_ws/install/mobility_bringup/share/mobility_bringup/environment/ament_prefix_path.dsv
[1.083s] -- Symlinking: /home/sebastianchu/code/student-orgs/karura/mobility_ws/install/mobility_bringup/share/mobility_bringup/environment/path.sh
[1.092s] -- Symlinking: /home/sebastianchu/code/student-orgs/karura/mobility_ws/install/mobility_bringup/share/mobility_bringup/environment/path.dsv
[1.102s] -- Symlinking: /home/sebastianchu/code/student-orgs/karura/mobility_ws/install/mobility_bringup/share/mobility_bringup/local_setup.bash
[1.111s] -- Symlinking: /home/sebastianchu/code/student-orgs/karura/mobility_ws/install/mobility_bringup/share/mobility_bringup/local_setup.sh
[1.121s] -- Symlinking: /home/sebastianchu/code/student-orgs/karura/mobility_ws/install/mobility_bringup/share/mobility_bringup/local_setup.zsh
[1.130s] -- Symlinking: /home/sebastianchu/code/student-orgs/karura/mobility_ws/install/mobility_bringup/share/mobility_bringup/local_setup.dsv
[1.141s] -- Symlinking: /home/sebastianchu/code/student-orgs/karura/mobility_ws/install/mobility_bringup/share/mobility_bringup/package.dsv
[1.152s] -- Symlinking: /home/sebastianchu/code/student-orgs/karura/mobility_ws/install/mobility_bringup/share/ament_index/resource_index/packages/mobility_bringup
[1.161s] -- Symlinking: /home/sebastianchu/code/student-orgs/karura/mobility_ws/install/mobility_bringup/share/mobility_bringup/cmake/mobility_bringupConfig.cmake
[1.170s] -- Symlinking: /home/sebastianchu/code/student-orgs/karura/mobility_ws/install/mobility_bringup/share/mobility_bringup/cmake/mobility_bringupConfig-version.cmake
[1.179s] -- Symlinking: /home/sebastianchu/code/student-orgs/karura/mobility_ws/install/mobility_bringup/share/mobility_bringup/package.xml
[1.191s] Invoked command in '/home/sebastianchu/code/student-orgs/karura/mobility_ws/build/mobility_bringup' returned '0': CMAKE_PREFIX_PATH=${CMAKE_PREFIX_PATH}:/home/sebastianchu/code/student-orgs/karura/mobility_ws/install/mobility_joystick_control:/home/sebastianchu/code/student-orgs/karura/mobility_ws/install/mobility_description:/home/sebastianchu/code/student-orgs/karura/mobility_ws/install/mobility_control:/home/sebastianchu/ros2_ws/install/serial_comm:/home/sebastianchu/ros2_ws/install/send_target_joint_degrees:/home/sebastianchu/ros2_ws/install/karura_arm_description:/opt/ros/humble /usr/bin/cmake --install /home/sebastianchu/code/student-orgs/karura/mobility_ws/build/mobility_bringup
